# JRE version: OpenJDK Runtime Environment Temurin-21.0.9+10 (21.0.9+10) (build 21.0.9+10-LTS)
# Java VM: OpenJDK 64-Bit Server VM Temurin-21.0.9+10 (21.0.9+10-LTS, mixed mode, sharing, tiered, compressed oops, compressed class ptrs, parallel gc, windows-amd64)
GC Precious Log:
 CardTable entry size: 512
 CPUs: 12 total, 12 available
 Memory: 16070M
 Large Page Support: Disabled
 NUMA Support: Disabled
 Compressed Oops: Enabled (32-bit)
 Alignments: Space 512K, Generation 512K, Heap 2M
 Heap Min Capacity: 100M
 Heap Initial Capacity: 100M
 Heap Max Capacity: 2G
 Pre-touch: Disabled
 Parallel Workers: 10
Heap:
 PSYoungGen      total 17920K, used 4661K [0x00000000d5580000, 0x00000000d6a00000, 0x0000000100000000)
  eden space 16896K, 21% used [0x00000000d5580000,0x00000000d5914528,0x00000000d6600000)
  from space 1024K, 97% used [0x00000000d6700000,0x00000000d67f9210,0x00000000d6800000)
  to   space 2048K, 0% used [0x00000000d6800000,0x00000000d6800000,0x00000000d6a00000)
 ParOldGen       total 1048576K, used 710304K [0x0000000080000000, 0x00000000c0000000, 0x00000000d5580000)
  object space 1048576K, 67% used [0x0000000080000000,0x00000000ab5a8288,0x00000000c0000000)
 Metaspace       used 101855K, committed 104000K, reserved 1179648K
  class space    used 10711K, committed 11712K, reserved 1048576K
GC Heap History (20 events):
Event: 5308.720 GC heap before
{Heap before GC invocations=3035 (full 5):
 PSYoungGen      total 17920K, used 17725K [0x00000000d5580000, 0x00000000d6d00000, 0x0000000100000000)
  eden space 16896K, 98% used [0x00000000d5580000,0x00000000d65d3148,0x00000000d6600000)
  from space 1024K, 98% used [0x00000000d6680000,0x00000000d677c4c8,0x00000000d6780000)
  to   space 3584K, 0% used [0x00000000d6980000,0x00000000d6980000,0x00000000d6d00000)
 ParOldGen       total 1048576K, used 704415K [0x0000000080000000, 0x00000000c0000000, 0x00000000d5580000)
  object space 1048576K, 67% used [0x0000000080000000,0x00000000aafe7fe8,0x00000000c0000000)
 Metaspace       used 101737K, committed 103872K, reserved 1179648K
  class space    used 10711K, committed 11712K, reserved 1048576K
}
Event: 5308.721 GC heap after
{Heap after GC invocations=3035 (full 5):
 PSYoungGen      total 19456K, used 2143K [0x00000000d5580000, 0x00000000d6c00000, 0x0000000100000000)
  eden space 16896K, 0% used [0x00000000d5580000,0x00000000d5580000,0x00000000d6600000)
  from space 2560K, 83% used [0x00000000d6980000,0x00000000d6b97e60,0x00000000d6c00000)
  to   space 2560K, 0% used [0x00000000d6700000,0x00000000d6700000,0x00000000d6980000)
 ParOldGen       total 1048576K, used 704775K [0x0000000080000000, 0x00000000c0000000, 0x00000000d5580000)
  object space 1048576K, 67% used [0x0000000080000000,0x00000000ab041fe8,0x00000000c0000000)
 Metaspace       used 101737K, committed 103872K, reserved 1179648K
  class space    used 10711K, committed 11712K, reserved 1048576K
}
Event: 5308.752 GC heap before
{Heap before GC invocations=3036 (full 5):
 PSYoungGen      total 19456K, used 18852K [0x00000000d5580000, 0x00000000d6c00000, 0x0000000100000000)
  eden space 16896K, 98% used [0x00000000d5580000,0x00000000d65d1470,0x00000000d6600000)
  from space 2560K, 83% used [0x00000000d6980000,0x00000000d6b97e60,0x00000000d6c00000)
  to   space 2560K, 0% used [0x00000000d6700000,0x00000000d6700000,0x00000000d6980000)
 ParOldGen       total 1048576K, used 704775K [0x0000000080000000, 0x00000000c0000000, 0x00000000d5580000)
  object space 1048576K, 67% used [0x0000000080000000,0x00000000ab041fe8,0x00000000c0000000)
 Metaspace       used 101746K, committed 103872K, reserved 1179648K
  class space    used 10711K, committed 11712K, reserved 1048576K
}
Event: 5308.753 GC heap after
{Heap after GC invocations=3036 (full 5):
 PSYoungGen      total 17408K, used 320K [0x00000000d5580000, 0x00000000d6a00000, 0x0000000100000000)
  eden space 16896K, 0% used [0x00000000d5580000,0x00000000d5580000,0x00000000d6600000)
  from space 512K, 62% used [0x00000000d6700000,0x00000000d6750000,0x00000000d6780000)
  to   space 1536K, 0% used [0x00000000d6880000,0x00000000d6880000,0x00000000d6a00000)
 ParOldGen       total 1048576K, used 704871K [0x0000000080000000, 0x00000000c0000000, 0x00000000d5580000)
  object space 1048576K, 67% used [0x0000000080000000,0x00000000ab059fe8,0x00000000c0000000)
 Metaspace       used 101746K, committed 103872K, reserved 1179648K
  class space    used 10711K, committed 11712K, reserved 1048576K
}
Event: 5308.770 GC heap before
{Heap before GC invocations=3037 (full 5):
 PSYoungGen      total 17408K, used 17216K [0x00000000d5580000, 0x00000000d6a00000, 0x0000000100000000)
  eden space 16896K, 100% used [0x00000000d5580000,0x00000000d6600000,0x00000000d6600000)
  from space 512K, 62% used [0x00000000d6700000,0x00000000d6750000,0x00000000d6780000)
  to   space 1536K, 0% used [0x00000000d6880000,0x00000000d6880000,0x00000000d6a00000)
 ParOldGen       total 1048576K, used 704871K [0x0000000080000000, 0x00000000c0000000, 0x00000000d5580000)
  object space 1048576K, 67% used [0x0000000080000000,0x00000000ab059fe8,0x00000000c0000000)
 Metaspace       used 101747K, committed 103872K, reserved 1179648K
  class space    used 10711K, committed 11712K, reserved 1048576K
}
Event: 5308.770 GC heap after
{Heap after GC invocations=3037 (full 5):
 PSYoungGen      total 17408K, used 500K [0x00000000d5580000, 0x00000000d6900000, 0x0000000100000000)
  eden space 16896K, 0% used [0x00000000d5580000,0x00000000d5580000,0x00000000d6600000)
  from space 512K, 97% used [0x00000000d6880000,0x00000000d68fd200,0x00000000d6900000)
  to   space 1024K, 0% used [0x00000000d6700000,0x00000000d6700000,0x00000000d6800000)
 ParOldGen       total 1048576K, used 704999K [0x0000000080000000, 0x00000000c0000000, 0x00000000d5580000)
  object space 1048576K, 67% used [0x0000000080000000,0x00000000ab079fe8,0x00000000c0000000)
 Metaspace       used 101747K, committed 103872K, reserved 1179648K
  class space    used 10711K, committed 11712K, reserved 1048576K
}
Event: 5308.796 GC heap before
{Heap before GC invocations=3038 (full 5):
 PSYoungGen      total 17408K, used 16286K [0x00000000d5580000, 0x00000000d6900000, 0x0000000100000000)
  eden space 16896K, 93% used [0x00000000d5580000,0x00000000d64ea9d0,0x00000000d6600000)
  from space 512K, 97% used [0x00000000d6880000,0x00000000d68fd200,0x00000000d6900000)
  to   space 1024K, 0% used [0x00000000d6700000,0x00000000d6700000,0x00000000d6800000)
 ParOldGen       total 1048576K, used 704999K [0x0000000080000000, 0x00000000c0000000, 0x00000000d5580000)
  object space 1048576K, 67% used [0x0000000080000000,0x00000000ab079fe8,0x00000000c0000000)
 Metaspace       used 101747K, committed 103872K, reserved 1179648K
  class space    used 10711K, committed 11712K, reserved 1048576K
}
Event: 5308.797 GC heap after
{Heap after GC invocations=3038 (full 5):
 PSYoungGen      total 17920K, used 320K [0x00000000d5580000, 0x00000000d6900000, 0x0000000100000000)
  eden space 16896K, 0% used [0x00000000d5580000,0x00000000d5580000,0x00000000d6600000)
  from space 1024K, 31% used [0x00000000d6700000,0x00000000d6750000,0x00000000d6800000)
  to   space 512K, 0% used [0x00000000d6880000,0x00000000d6880000,0x00000000d6900000)
 ParOldGen       total 1048576K, used 705079K [0x0000000080000000, 0x00000000c0000000, 0x00000000d5580000)
  object space 1048576K, 67% used [0x0000000080000000,0x00000000ab08dfe8,0x00000000c0000000)
 Metaspace       used 101747K, committed 103872K, reserved 1179648K
  class space    used 10711K, committed 11712K, reserved 1048576K
}
Event: 5308.837 GC heap before
{Heap before GC invocations=3039 (full 5):
 PSYoungGen      total 17920K, used 17216K [0x00000000d5580000, 0x00000000d6900000, 0x0000000100000000)
  eden space 16896K, 100% used [0x00000000d5580000,0x00000000d6600000,0x00000000d6600000)
  from space 1024K, 31% used [0x00000000d6700000,0x00000000d6750000,0x00000000d6800000)
  to   space 512K, 0% used [0x00000000d6880000,0x00000000d6880000,0x00000000d6900000)
 ParOldGen       total 1048576K, used 705079K [0x0000000080000000, 0x00000000c0000000, 0x00000000d5580000)
  object space 1048576K, 67% used [0x0000000080000000,0x00000000ab08dfe8,0x00000000c0000000)
 Metaspace       used 101748K, committed 103872K, reserved 1179648K
  class space    used 10711K, committed 11712K, reserved 1048576K
}
Event: 5308.838 GC heap after
{Heap after GC invocations=3039 (full 5):
 PSYoungGen      total 17408K, used 308K [0x00000000d5580000, 0x00000000d6900000, 0x0000000100000000)
  eden space 16896K, 0% used [0x00000000d5580000,0x00000000d5580000,0x00000000d6600000)
  from space 512K, 60% used [0x00000000d6880000,0x00000000d68cd200,0x00000000d6900000)
  to   space 512K, 0% used [0x00000000d6800000,0x00000000d6800000,0x00000000d6880000)
 ParOldGen       total 1048576K, used 705159K [0x0000000080000000, 0x00000000c0000000, 0x00000000d5580000)
  object space 1048576K, 67% used [0x0000000080000000,0x00000000ab0a1fe8,0x00000000c0000000)
 Metaspace       used 101748K, committed 103872K, reserved 1179648K
  class space    used 10711K, committed 11712K, reserved 1048576K
}
Event: 5308.886 GC heap before
{Heap before GC invocations=3040 (full 5):
 PSYoungGen      total 17408K, used 17200K [0x00000000d5580000, 0x00000000d6900000, 0x0000000100000000)
  eden space 16896K, 99% used [0x00000000d5580000,0x00000000d65ff1c8,0x00000000d6600000)
  from space 512K, 60% used [0x00000000d6880000,0x00000000d68cd200,0x00000000d6900000)
  to   space 512K, 0% used [0x00000000d6800000,0x00000000d6800000,0x00000000d6880000)
 ParOldGen       total 1048576K, used 705159K [0x0000000080000000, 0x00000000c0000000, 0x00000000d5580000)
  object space 1048576K, 67% used [0x0000000080000000,0x00000000ab0a1fe8,0x00000000c0000000)
 Metaspace       used 101748K, committed 103872K, reserved 1179648K
  class space    used 10711K, committed 11712K, reserved 1048576K
}
Event: 5308.889 GC heap after
{Heap after GC invocations=3040 (full 5):
 PSYoungGen      total 17408K, used 492K [0x00000000d5580000, 0x00000000d6900000, 0x0000000100000000)
  eden space 16896K, 0% used [0x00000000d5580000,0x00000000d5580000,0x00000000d6600000)
  from space 512K, 96% used [0x00000000d6800000,0x00000000d687b238,0x00000000d6880000)
  to   space 512K, 0% used [0x00000000d6880000,0x00000000d6880000,0x00000000d6900000)
 ParOldGen       total 1048576K, used 708243K [0x0000000080000000, 0x00000000c0000000, 0x00000000d5580000)
  object space 1048576K, 67% used [0x0000000080000000,0x00000000ab3a4e18,0x00000000c0000000)
 Metaspace       used 101748K, committed 103872K, reserved 1179648K
  class space    used 10711K, committed 11712K, reserved 1048576K
}
Event: 5309.522 GC heap before
{Heap before GC invocations=3041 (full 5):
 PSYoungGen      total 17408K, used 17388K [0x00000000d5580000, 0x00000000d6900000, 0x0000000100000000)
  eden space 16896K, 100% used [0x00000000d5580000,0x00000000d6600000,0x00000000d6600000)
  from space 512K, 96% used [0x00000000d6800000,0x00000000d687b238,0x00000000d6880000)
  to   space 512K, 0% used [0x00000000d6880000,0x00000000d6880000,0x00000000d6900000)
 ParOldGen       total 1048576K, used 708243K [0x0000000080000000, 0x00000000c0000000, 0x00000000d5580000)
  object space 1048576K, 67% used [0x0000000080000000,0x00000000ab3a4e18,0x00000000c0000000)
 Metaspace       used 101749K, committed 103872K, reserved 1179648K
  class space    used 10711K, committed 11712K, reserved 1048576K
}
Event: 5309.523 GC heap after
{Heap after GC invocations=3041 (full 5):
 PSYoungGen      total 17408K, used 500K [0x00000000d5580000, 0x00000000d6900000, 0x0000000100000000)
  eden space 16896K, 0% used [0x00000000d5580000,0x00000000d5580000,0x00000000d6600000)
  from space 512K, 97% used [0x00000000d6880000,0x00000000d68fd200,0x00000000d6900000)
  to   space 1024K, 0% used [0x00000000d6700000,0x00000000d6700000,0x00000000d6800000)
 ParOldGen       total 1048576K, used 708403K [0x0000000080000000, 0x00000000c0000000, 0x00000000d5580000)
  object space 1048576K, 67% used [0x0000000080000000,0x00000000ab3cce28,0x00000000c0000000)
 Metaspace       used 101749K, committed 103872K, reserved 1179648K
  class space    used 10711K, committed 11712K, reserved 1048576K
}
Event: 5309.927 GC heap before
{Heap before GC invocations=3042 (full 5):
 PSYoungGen      total 17408K, used 17396K [0x00000000d5580000, 0x00000000d6900000, 0x0000000100000000)
  eden space 16896K, 99% used [0x00000000d5580000,0x00000000d65ffff0,0x00000000d6600000)
  from space 512K, 97% used [0x00000000d6880000,0x00000000d68fd200,0x00000000d6900000)
  to   space 1024K, 0% used [0x00000000d6700000,0x00000000d6700000,0x00000000d6800000)
 ParOldGen       total 1048576K, used 708403K [0x0000000080000000, 0x00000000c0000000, 0x00000000d5580000)
  object space 1048576K, 67% used [0x0000000080000000,0x00000000ab3cce28,0x00000000c0000000)
 Metaspace       used 101760K, committed 103936K, reserved 1179648K
  class space    used 10711K, committed 11712K, reserved 1048576K
}
Event: 5309.929 GC heap after
{Heap after GC invocations=3042 (full 5):
 PSYoungGen      total 17920K, used 852K [0x00000000d5580000, 0x00000000d6900000, 0x0000000100000000)
  eden space 16896K, 0% used [0x00000000d5580000,0x00000000d5580000,0x00000000d6600000)
  from space 1024K, 83% used [0x00000000d6700000,0x00000000d67d5220,0x00000000d6800000)
  to   space 1024K, 0% used [0x00000000d6800000,0x00000000d6800000,0x00000000d6900000)
 ParOldGen       total 1048576K, used 708920K [0x0000000080000000, 0x00000000c0000000, 0x00000000d5580000)
  object space 1048576K, 67% used [0x0000000080000000,0x00000000ab44e028,0x00000000c0000000)
 Metaspace       used 101760K, committed 103936K, reserved 1179648K
  class space    used 10711K, committed 11712K, reserved 1048576K
}
Event: 5313.632 GC heap before
{Heap before GC invocations=3043 (full 5):
 PSYoungGen      total 17920K, used 17748K [0x00000000d5580000, 0x00000000d6900000, 0x0000000100000000)
  eden space 16896K, 100% used [0x00000000d5580000,0x00000000d6600000,0x00000000d6600000)
  from space 1024K, 83% used [0x00000000d6700000,0x00000000d67d5220,0x00000000d6800000)
  to   space 1024K, 0% used [0x00000000d6800000,0x00000000d6800000,0x00000000d6900000)
 ParOldGen       total 1048576K, used 708920K [0x0000000080000000, 0x00000000c0000000, 0x00000000d5580000)
  object space 1048576K, 67% used [0x0000000080000000,0x00000000ab44e028,0x00000000c0000000)
 Metaspace       used 101765K, committed 103936K, reserved 1179648K
  class space    used 10711K, committed 11712K, reserved 1048576K
}
Event: 5313.634 GC heap after
{Heap after GC invocations=3043 (full 5):
 PSYoungGen      total 17920K, used 676K [0x00000000d5580000, 0x00000000d6900000, 0x0000000100000000)
  eden space 16896K, 0% used [0x00000000d5580000,0x00000000d5580000,0x00000000d6600000)
  from space 1024K, 66% used [0x00000000d6800000,0x00000000d68a9210,0x00000000d6900000)
  to   space 1024K, 0% used [0x00000000d6700000,0x00000000d6700000,0x00000000d6800000)
 ParOldGen       total 1048576K, used 709532K [0x0000000080000000, 0x00000000c0000000, 0x00000000d5580000)
  object space 1048576K, 67% used [0x0000000080000000,0x00000000ab4e7078,0x00000000c0000000)
 Metaspace       used 101765K, committed 103936K, reserved 1179648K
  class space    used 10711K, committed 11712K, reserved 1048576K
}
Event: 5314.172 GC heap before
{Heap before GC invocations=3044 (full 5):
 PSYoungGen      total 17920K, used 17572K [0x00000000d5580000, 0x00000000d6900000, 0x0000000100000000)
  eden space 16896K, 100% used [0x00000000d5580000,0x00000000d6600000,0x00000000d6600000)
  from space 1024K, 66% used [0x00000000d6800000,0x00000000d68a9210,0x00000000d6900000)
  to   space 1024K, 0% used [0x00000000d6700000,0x00000000d6700000,0x00000000d6800000)
 ParOldGen       total 1048576K, used 709532K [0x0000000080000000, 0x00000000c0000000, 0x00000000d5580000)
  object space 1048576K, 67% used [0x0000000080000000,0x00000000ab4e7078,0x00000000c0000000)
 Metaspace       used 101835K, committed 104000K, reserved 1179648K
  class space    used 10711K, committed 11712K, reserved 1048576K
}
Event: 5314.174 GC heap after
{Heap after GC invocations=3044 (full 5):
 PSYoungGen      total 17920K, used 996K [0x00000000d5580000, 0x00000000d6a00000, 0x0000000100000000)
  eden space 16896K, 0% used [0x00000000d5580000,0x00000000d5580000,0x00000000d6600000)
  from space 1024K, 97% used [0x00000000d6700000,0x00000000d67f9210,0x00000000d6800000)
  to   space 2048K, 0% used [0x00000000d6800000,0x00000000d6800000,0x00000000d6a00000)
 ParOldGen       total 1048576K, used 710304K [0x0000000080000000, 0x00000000c0000000, 0x00000000d5580000)
  object space 1048576K, 67% used [0x0000000080000000,0x00000000ab5a8288,0x00000000c0000000)
 Metaspace       used 101835K, committed 104000K, reserved 1179648K
  class space    used 10711K, committed 11712K, reserved 1048576K
}

